Removed Pin From Net: NetName=+5 Pin=DS1-3
Removed Pin From Net: NetName=+5 Pin=DS1-8
Removed Pin From Net: NetName=+5 Pin=DS2-3
Removed Pin From Net: NetName=+5 Pin=DS2-8
Removed Pin From Net: NetName=+5 Pin=DS3-3
Removed Pin From Net: NetName=+5 Pin=DS3-8
Removed Pin From Net: NetName=GPIO_1-35 Pin=R35-1
Removed Pin From Net: NetName=GPIO_1-23 Pin=R37-1
Removed Pin From Net: NetName=GPIO_1-34 Pin=R38-1
Removed Pin From Net: NetName=GPIO_1-22 Pin=R41-1
Removed Pin From Net: NetName=GPIO_1-33 Pin=R42-1
Removed Pin From Net: NetName=GPIO_1-21 Pin=R45-1
Removed Pin From Net: NetName=GPIO_1-32 Pin=R46-1
Removed Pin From Net: NetName=GPIO_1-20 Pin=R49-1
Removed Pin From Net: NetName=GPIO_1-31 Pin=R50-1
Removed Pin From Net: NetName=GPIO_1-19 Pin=R53-1
Removed Pin From Net: NetName=GPIO_1-30 Pin=R54-1
Removed Pin From Net: NetName=GPIO_1-18 Pin=R57-1
Removed Pin From Net: NetName=GPIO_1-29 Pin=R58-1
Removed Pin From Net: NetName=GPIO_1-17 Pin=R61-1
Removed Pin From Net: NetName=GPIO_1-28 Pin=R62-1
Removed Pin From Net: NetName=GPIO_1-16 Pin=R65-1
Change Component Comment : Designator=DS1 Old Comment=7SEG S New Comment=LED7 SA
Change Component Comment : Designator=DS2 Old Comment=7SEG S New Comment=LED7 SA
Change Component Comment : Designator=DS3 Old Comment=7SEG S New Comment=LED7 SA
Change component parameters: Designator = "DS1" ("DS1"); Footprint = "Led7seg 0.36in"; UniqueID = "\DCQSVMPE" ("\DCQSVMPE")
Change component parameters (AddParameter): Name = "BRAND"; Value = ""; VariantName = "[No Variations]"
Change component parameters (AddParameter): Name = "PACKAGE"; Value = ""; VariantName = "[No Variations]"
Change component parameters (AddParameter): Name = "PART NO"; Value = ""; VariantName = "[No Variations]"
Change component parameters (AddParameter): Name = "STOCK CODE"; Value = ""; VariantName = "[No Variations]"
Change component parameters (AddParameter): Name = "SUPPLIER"; Value = ""; VariantName = "[No Variations]"
Change component parameters (AddParameter): Name = "TYPE"; Value = ""; VariantName = "[No Variations]"
Change component parameters: Designator = "DS2" ("DS2"); Footprint = "Led7seg 0.36in"; UniqueID = "\KXJSJGHX" ("\KXJSJGHX")
Change component parameters (AddParameter): Name = "BRAND"; Value = ""; VariantName = "[No Variations]"
Change component parameters (AddParameter): Name = "PACKAGE"; Value = ""; VariantName = "[No Variations]"
Change component parameters (AddParameter): Name = "PART NO"; Value = ""; VariantName = "[No Variations]"
Change component parameters (AddParameter): Name = "STOCK CODE"; Value = ""; VariantName = "[No Variations]"
Change component parameters (AddParameter): Name = "SUPPLIER"; Value = ""; VariantName = "[No Variations]"
Change component parameters (AddParameter): Name = "TYPE"; Value = ""; VariantName = "[No Variations]"
Change component parameters: Designator = "DS3" ("DS3"); Footprint = "Led7seg 0.36in"; UniqueID = "\ZTSTILEM" ("\ZTSTILEM")
Change component parameters (AddParameter): Name = "BRAND"; Value = ""; VariantName = "[No Variations]"
Change component parameters (AddParameter): Name = "PACKAGE"; Value = ""; VariantName = "[No Variations]"
Change component parameters (AddParameter): Name = "PART NO"; Value = ""; VariantName = "[No Variations]"
Change component parameters (AddParameter): Name = "STOCK CODE"; Value = ""; VariantName = "[No Variations]"
Change component parameters (AddParameter): Name = "SUPPLIER"; Value = ""; VariantName = "[No Variations]"
Change component parameters (AddParameter): Name = "TYPE"; Value = ""; VariantName = "[No Variations]"
Added Pin To Net: NetName=+5 Pin=DS1-1
Added Pin To Net: NetName=+5 Pin=DS1-6
Added Pin To Net: NetName=+5 Pin=DS2-1
Added Pin To Net: NetName=+5 Pin=DS2-6
Added Pin To Net: NetName=+5 Pin=DS3-1
Added Pin To Net: NetName=+5 Pin=DS3-6
Added Pin To Net: NetName=GPIO_1-28 Pin=R35-1
Added Pin To Net: NetName=GPIO_1-16 Pin=R37-1
Added Pin To Net: NetName=GPIO_1-29 Pin=R38-1
Added Pin To Net: NetName=GPIO_1-17 Pin=R41-1
Added Pin To Net: NetName=GPIO_1-30 Pin=R42-1
Added Pin To Net: NetName=GPIO_1-18 Pin=R45-1
Added Pin To Net: NetName=GPIO_1-31 Pin=R46-1
Added Pin To Net: NetName=GPIO_1-19 Pin=R49-1
Added Pin To Net: NetName=GPIO_1-32 Pin=R50-1
Added Pin To Net: NetName=GPIO_1-20 Pin=R53-1
Added Pin To Net: NetName=GPIO_1-33 Pin=R54-1
Added Pin To Net: NetName=GPIO_1-21 Pin=R57-1
Added Pin To Net: NetName=GPIO_1-34 Pin=R58-1
Added Pin To Net: NetName=GPIO_1-22 Pin=R61-1
Added Pin To Net: NetName=GPIO_1-35 Pin=R62-1
Added Pin To Net: NetName=GPIO_1-23 Pin=R65-1
Change Net Name : Old Net Name=NetDS3_7 New Net Name=p3
Added Pin To Net: NetName=a1 Pin=DS1-10
Added Pin To Net: NetName=a1 Pin=R36-2
Added Net: Name=a1
Added Pin To Net: NetName=a2 Pin=DS2-10
Added Pin To Net: NetName=a2 Pin=R39-2
Added Net: Name=a2
Added Pin To Net: NetName=a3 Pin=DS3-10
Added Pin To Net: NetName=a3 Pin=R82-2
Added Net: Name=a3
Added Pin To Net: NetName=b1 Pin=DS1-9
Added Pin To Net: NetName=b1 Pin=R40-2
Added Net: Name=b1
Added Pin To Net: NetName=b2 Pin=DS2-9
Added Pin To Net: NetName=b2 Pin=R43-2
Added Net: Name=b2
Added Pin To Net: NetName=b3 Pin=DS3-9
Added Pin To Net: NetName=b3 Pin=R80-2
Added Net: Name=b3
Added Pin To Net: NetName=c1 Pin=DS1-8
Added Pin To Net: NetName=c1 Pin=R44-2
Added Net: Name=c1
Added Pin To Net: NetName=c2 Pin=DS2-8
Added Pin To Net: NetName=c2 Pin=R47-2
Added Net: Name=c2
Added Pin To Net: NetName=c3 Pin=DS3-8
Added Pin To Net: NetName=c3 Pin=R78-2
Added Net: Name=c3
Added Pin To Net: NetName=d1 Pin=DS1-5
Added Pin To Net: NetName=d1 Pin=R48-2
Added Net: Name=d1
Added Pin To Net: NetName=d2 Pin=DS2-5
Added Pin To Net: NetName=d2 Pin=R51-2
Added Net: Name=d2
Added Pin To Net: NetName=d3 Pin=DS3-5
Added Pin To Net: NetName=d3 Pin=R76-2
Added Net: Name=d3
Added Pin To Net: NetName=e1 Pin=DS1-4
Added Pin To Net: NetName=e1 Pin=R52-2
Added Net: Name=e1
Added Pin To Net: NetName=e2 Pin=DS2-4
Added Pin To Net: NetName=e2 Pin=R55-2
Added Net: Name=e2
Added Pin To Net: NetName=e3 Pin=DS3-4
Added Pin To Net: NetName=e3 Pin=R74-2
Added Net: Name=e3
Added Pin To Net: NetName=f1 Pin=DS1-2
Added Pin To Net: NetName=f1 Pin=R56-2
Added Net: Name=f1
Added Pin To Net: NetName=f2 Pin=DS2-2
Added Pin To Net: NetName=f2 Pin=R59-2
Added Net: Name=f2
Added Pin To Net: NetName=f3 Pin=DS3-2
Added Pin To Net: NetName=f3 Pin=R72-2
Added Net: Name=f3
Added Pin To Net: NetName=g1 Pin=DS1-3
Added Pin To Net: NetName=g1 Pin=R60-2
Added Net: Name=g1
Added Pin To Net: NetName=g2 Pin=DS2-3
Added Pin To Net: NetName=g2 Pin=R63-2
Added Net: Name=g2
Added Pin To Net: NetName=g3 Pin=DS3-3
Added Pin To Net: NetName=g3 Pin=R70-2
Added Net: Name=g3
Added Pin To Net: NetName=p1 Pin=DS1-7
Added Pin To Net: NetName=p1 Pin=R64-2
Added Net: Name=p1
Added Pin To Net: NetName=p2 Pin=DS2-7
Added Pin To Net: NetName=p2 Pin=R66-2
Added Net: Name=p2
