Removed Pin From Net: NetName=GND Pin=LCD1-1
Removed Pin From Net: NetName=+5 Pin=LCD1-2
Removed Pin From Net: NetName=GPIO_0-10 Pin=LCD1-4
Removed Pin From Net: NetName=GND Pin=LCD1-5
Removed Pin From Net: NetName=GPIO_0-11 Pin=LCD1-6
Removed Pin From Net: NetName=GPIO_0-12 Pin=LCD1-7
Removed Pin From Net: NetName=GPIO_0-13 Pin=LCD1-8
Removed Pin From Net: NetName=GPIO_0-14 Pin=LCD1-9
Removed Pin From Net: NetName=GPIO_0-15 Pin=LCD1-10
Removed Pin From Net: NetName=GPIO_0-16 Pin=LCD1-11
Removed Pin From Net: NetName=GPIO_0-17 Pin=LCD1-12
Removed Pin From Net: NetName=GPIO_0-18 Pin=LCD1-13
Removed Pin From Net: NetName=GPIO_0-19 Pin=LCD1-14
Removed Pin From Net: NetName=GND Pin=LCD1-16
Removed Member From Class: ClassName=lcd Member=LCD1
Added Component: Designator=LCD(HDR1X16)
Add component (AddParameter): Name = "LatestRevisionDate"; Value = "17-Jul-2002"; VariantName = "[No Variations]"
Add component (AddParameter): Name = "LatestRevisionNote"; Value = "Re-released for DXP Platform."; VariantName = "[No Variations]"
Add component (AddParameter): Name = "Publisher"; Value = "Altium Limited"; VariantName = "[No Variations]"
Added Pin To Net: NetName=GND Pin=LCD-1
Added Pin To Net: NetName=+5 Pin=LCD-2
Added Pin To Net: NetName=GPIO_0-10 Pin=LCD-4
Added Pin To Net: NetName=GND Pin=LCD-5
Added Pin To Net: NetName=GPIO_0-11 Pin=LCD-6
Added Pin To Net: NetName=GPIO_0-12 Pin=LCD-7
Added Pin To Net: NetName=GPIO_0-13 Pin=LCD-8
Added Pin To Net: NetName=GPIO_0-14 Pin=LCD-9
Added Pin To Net: NetName=GPIO_0-15 Pin=LCD-10
Added Pin To Net: NetName=GPIO_0-16 Pin=LCD-11
Added Pin To Net: NetName=GPIO_0-17 Pin=LCD-12
Added Pin To Net: NetName=GPIO_0-18 Pin=LCD-13
Added Pin To Net: NetName=GPIO_0-19 Pin=LCD-14
Added Pin To Net: NetName=GND Pin=LCD-16
Added Pin To Net: NetName=NetLCD_3 Pin=LCD-3
Added Pin To Net: NetName=NetLCD_3 Pin=VR1-2
Added Net: Name=NetLCD_3
Added Pin To Net: NetName=NetLCD_15 Pin=LCD-15
Added Pin To Net: NetName=NetLCD_15 Pin=R83-2
Added Net: Name=NetLCD_15
Added Member To Class: ClassName=lcd Member=Component LCD Header 16
